\BOOKMARK [1][-]{section.1}{\376\377\004\041\004\077\004\070\004\101\004\076\004\072\000\040\004\103\004\101\004\073\004\076\004\062\004\075\004\113\004\105\000\040\004\076\004\061\004\076\004\067\004\075\004\060\004\107\004\065\004\075\004\070\004\071\000\040\004\070\000\040\004\101\004\076\004\072\004\100\004\060\004\111\004\065\004\075\004\070\004\071\000\040\000\050\000T\000O\000D\000O\000\051}{}% 1
\BOOKMARK [1][-]{section.2}{\376\377\004\022\004\062\004\065\004\064\004\065\004\075\004\070\004\065\000\040\000\050\000T\000O\000D\000O\000\051}{}% 2
\BOOKMARK [1][-]{section.3}{\376\377\004\036\004\101\004\075\004\076\004\062\004\075\004\113\004\065\000\040\004\076\004\077\004\100\004\065\004\064\004\065\004\073\004\065\004\075\004\070\004\117\000\040\000\050\000T\000O\000D\000O\000\051}{}% 3
\BOOKMARK [1][-]{section.4}{\376\377\004\037\004\076\004\101\004\102\004\060\004\075\004\076\004\062\004\072\004\060\000\040\004\067\004\060\004\064\004\060\004\107\004\070\000\040\000\050\000T\000O\000D\000O\000\051}{}% 4
\BOOKMARK [1][-]{section.5}{\376\377\004\036\004\061\004\067\004\076\004\100\000\040\004\073\004\070\004\102\004\065\004\100\004\060\004\102\004\103\004\100\004\075\004\113\004\105\000\040\004\070\004\101\004\102\004\076\004\107\004\075\004\070\004\072\004\076\004\062\000\040\000\050\000T\000O\000D\000O\000\051}{}% 5
\BOOKMARK [1][-]{section.6}{\376\377\004\036\004\061\004\067\004\076\004\100\000\040\004\070\004\075\004\101\004\102\004\100\004\103\004\074\004\065\004\075\004\102\004\076\004\062\000\040\000\050\000T\000O\000D\000O\000\051}{}% 6
\BOOKMARK [2][-]{subsection.6.1}{\376\377\004\036\004\061\004\067\004\076\004\100\000\040\004\061\004\070\004\061\004\073\004\070\004\076\004\102\004\065\004\072\004\070\000\040\000E\000i\000g\000e\000n}{section.6}% 7
\BOOKMARK [2][-]{subsection.6.2}{\376\377\004\036\004\061\004\067\004\076\004\100\000\040\004\061\004\070\004\061\004\073\004\070\004\076\004\102\004\065\004\072\004\070\000\040\000B\000o\000o\000s\000t\000.\000M\000u\000l\000t\000i\000p\000r\000e\000c\000i\000s\000i\000o\000n}{section.6}% 8
\BOOKMARK [1][-]{section.7}{\376\377\004\035\004\060\004\105\004\076\004\066\004\064\004\065\004\075\004\070\004\065\000\040\004\055\004\035\004\044\000\040\000\050\000T\000O\000D\000O\000\051}{}% 9
\BOOKMARK [2][-]{subsection.7.1}{\376\377\004\036\004\100\004\102\004\076\004\063\004\076\004\075\004\060\004\073\004\070\004\067\004\060\004\106\004\070\004\117\000\040\004\023\004\100\004\060\004\074\004\060\000-\004\050\004\074\004\070\004\064\004\102\004\060}{section.7}% 10
\BOOKMARK [2][-]{subsection.7.2}{\376\377\004\020\004\073\004\063\004\076\004\100\004\070\004\102\004\074\000\040\004\064\004\073\004\117\000\040\004\074\004\060\004\102\004\100\004\070\004\106\000\040\004\101\000\040\004\077\004\076\004\073\004\075\004\113\004\074\000\040\004\100\004\060\004\075\004\063\004\076\004\074\000\040\004\101\004\102\004\100\004\076\004\072\004\070}{section.7}% 11
\BOOKMARK [2][-]{subsection.7.3}{\376\377\004\036\004\061\004\111\004\070\004\071\000\040\004\060\004\073\004\063\004\076\004\100\004\070\004\102\004\074\000\040\004\064\004\073\004\117\000\040\004\073\004\116\004\061\004\113\004\105\000\040\004\074\004\060\004\102\004\100\004\070\004\106}{section.7}% 12
\BOOKMARK [2][-]{subsection.7.4}{\376\377\004\037\004\100\004\070\004\074\004\065\004\100\000\040\004\075\004\060\004\105\004\076\004\066\004\064\004\065\004\075\004\070\004\117\000\040\004\055\004\035\004\044}{section.7}% 13
\BOOKMARK [2][-]{subsection.7.5}{\376\377\004\041\004\073\004\076\004\066\004\075\004\076\004\101\004\102\004\114\000\040\004\060\004\073\004\063\004\076\004\100\004\070\004\102\004\074\004\060}{section.7}% 14
\BOOKMARK [2][-]{subsection.7.6}{\376\377\004\036\004\061\004\067\004\076\004\100\000\040\004\077\004\100\004\076\004\063\004\100\004\060\004\074\004\074\004\075\004\076\004\071\000\040\004\100\004\065\004\060\004\073\004\070\004\067\004\060\004\106\004\070\004\070}{section.7}% 15
\BOOKMARK [2][-]{subsection.7.7}{\376\377\004\037\004\100\004\070\004\074\004\065\004\075\004\065\004\075\004\070\004\065}{section.7}% 16
\BOOKMARK [1][-]{section.8}{\376\377\004\040\004\065\004\110\004\065\004\075\004\070\004\065\000\040\004\037\004\021\004\022\000\040\000\050\000T\000O\000D\000O\000\051}{}% 17
\BOOKMARK [2][-]{subsection.8.1}{\376\377\004\036\004\077\004\100\004\065\004\064\004\065\004\073\004\065\004\075\004\070\004\065\000\040\004\077\004\100\004\076\004\061\004\073\004\065\004\074\004\113}{section.8}% 18
\BOOKMARK [2][-]{subsection.8.2}{\376\377\004\026\004\060\004\064\004\075\004\113\004\071\000\040\004\074\004\065\004\102\004\076\004\064\000:\000\040\004\060\004\073\004\063\004\076\004\100\004\070\004\102\004\074\000\040\004\061\004\073\004\070\004\066\004\060\004\071\004\110\004\065\004\071\000\040\004\077\004\073\004\076\004\101\004\072\004\076\004\101\004\102\004\070\000\040\004\021\004\060\004\061\004\060\004\117}{section.8}% 19
\BOOKMARK [2][-]{subsection.8.3}{\376\377\004\035\004\065\004\100\004\065\004\072\004\103\004\100\004\101\004\070\004\062\004\075\004\060\004\117\000\040\004\100\004\065\004\060\004\073\004\070\004\067\004\060\004\106\004\070\004\117}{section.8}% 20
\BOOKMARK [2][-]{subsection.8.4}{\376\377\004\037\004\100\004\070\004\074\004\065\004\100\000\040\004\066\004\060\004\064\004\075\004\076\004\063\004\076\000\040\004\074\004\065\004\102\004\076\004\064\004\060}{section.8}% 21
\BOOKMARK [2][-]{subsection.8.5}{\376\377\004\034\004\065\004\102\004\076\004\064\000\040\004\062\004\065\004\102\004\062\004\065\004\071\000\040\004\070\000\040\004\063\004\100\004\060\004\075\004\070\004\106}{section.8}% 22
\BOOKMARK [2][-]{subsection.8.6}{\376\377\004\037\004\100\004\070\004\074\004\065\004\100\000\040\004\074\004\065\004\102\004\076\004\064\004\060\000\040\004\062\004\065\004\102\004\062\004\065\004\071\000\040\004\070\000\040\004\063\004\100\004\060\004\075\004\070\004\106}{section.8}% 23
\BOOKMARK [2][-]{subsection.8.7}{\376\377\004\037\004\060\004\100\004\060\004\073\004\073\004\065\004\073\004\114\004\075\004\060\004\117\000\040\004\100\004\065\004\060\004\073\004\070\004\067\004\060\004\106\004\070\004\117\000\040\004\074\004\065\004\102\004\076\004\064\004\060\000\040\004\062\004\065\004\102\004\062\004\065\004\071\000\040\004\070\000\040\004\063\004\100\004\060\004\075\004\070\004\106}{section.8}% 24
\BOOKMARK [2][-]{subsection.8.8}{\376\377\004\041\004\073\004\076\004\066\004\075\004\076\004\101\004\102\004\114\000\040\004\060\004\073\004\063\004\076\004\100\004\070\004\102\004\074\004\076\004\062}{section.8}% 25
\BOOKMARK [2][-]{subsection.8.9}{\376\377\004\036\004\061\004\067\004\076\004\100\000\040\004\077\004\100\004\076\004\063\004\100\004\060\004\074\004\074\004\075\004\076\004\071\000\040\004\100\004\065\004\060\004\073\004\070\004\067\004\060\004\106\004\070\004\070}{section.8}% 26
\BOOKMARK [2][-]{subsection.8.10}{\376\377\004\037\004\100\004\070\004\074\004\065\004\075\004\065\004\075\004\070\004\065}{section.8}% 27
\BOOKMARK [1][-]{section.9}{\376\377\004\036\004\061\004\067\004\076\004\100\000\040\004\077\004\100\004\076\004\063\004\100\004\060\004\074\004\074\004\075\004\076\004\071\000\040\004\100\004\065\004\060\004\073\004\070\004\067\004\060\004\106\004\070\004\070\000\040\000\050\000T\000O\000D\000O\000\051}{}% 28
\BOOKMARK [1][-]{section.10}{\376\377\004\027\004\060\004\072\004\073\004\116\004\107\004\065\004\075\004\070\004\065\000\040\000\050\000T\000O\000D\000O\000\051}{}% 29
\BOOKMARK [1][-]{section.10}{\376\377\004\041\004\077\004\070\004\101\004\076\004\072\000\040\004\073\004\070\004\102\004\065\004\100\004\060\004\102\004\103\004\100\004\113}{}% 30
