This is XeTeX, Version 3.141592653-2.6-0.999994 (MiKTeX 22.3) (preloaded format=xelatex 2022.3.29)  15 JUN 2022 14:10
entering extended mode
 \write18 enabled.
 %&-line parsing enabled.
**./4.main_part.tex
(4.main_part.tex
LaTeX2e <2021-11-15> patch level 1
L3 programming layer <2022-02-24>

! LaTeX Error: File `in/main_part/4.1.formulation_of_problem' not found.

Type X to quit or <RETURN> to proceed,
or enter new name. (Default extension: formulation_of_problem)

Enter file name: 
! Emergency stop.
<read *> 
         
l.3 ...ut{in/main_part/4.1.formulation_of_problem}
                                                  ^^M
*** (cannot \read from terminal in nonstop modes)

 
Here is how much of TeX's memory you used:
 21 strings out of 410967
 453 string characters out of 2830858
 297657 words of memory out of 3000000
 20851 multiletter control sequences out of 15000+600000
 469259 words of font info for 28 fonts, out of 8000000 for 9000
 1348 hyphenation exceptions out of 8191
 16i,0n,26p,119b,18s stack positions out of 10000i,1000n,20000p,200000b,80000s
No pages of output.
